<?xml version="1.0" encoding="UTF-8"?>
<testng-results ignored="0" total="1" passed="1" failed="0" skipped="0">
  <reporter-output>
  </reporter-output>
  <suite started-at="2021-09-04T13:58:09 IST" name="Suite" finished-at="2021-09-04T13:58:44 IST" duration-ms="35200">
    <groups>
    </groups>
    <test started-at="2021-09-04T13:58:09 IST" name="Test" finished-at="2021-09-04T13:58:44 IST" duration-ms="35200">
      <class name="testCases.CreateserviceTerritoriesTest">
        <test-method is-config="true" signature="setSheetName()[pri:0, instance:testCases.CreateserviceTerritoriesTest@543295b0]" started-at="2021-09-04T13:58:09 IST" name="setSheetName" finished-at="2021-09-04T13:58:09 IST" duration-ms="10" status="PASS">
          <reporter-output>
          </reporter-output>
        </test-method> <!-- setSheetName -->
        <test-method is-config="true" signature="openBrowserAndLogin()[pri:0, instance:testCases.CreateserviceTerritoriesTest@543295b0]" started-at="2021-09-04T13:58:10 IST" name="openBrowserAndLogin" finished-at="2021-09-04T13:58:28 IST" duration-ms="18074" status="PASS">
          <reporter-output>
          </reporter-output>
        </test-method> <!-- openBrowserAndLogin -->
        <test-method signature="createserviceTerritoriesTest(java.lang.String,java.lang.String,java.lang.String,java.lang.String,java.lang.String,java.lang.String)[pri:0, instance:testCases.CreateserviceTerritoriesTest@543295b0]" started-at="2021-09-04T13:58:28 IST" name="createserviceTerritoriesTest" data-provider="fecthData" finished-at="2021-09-04T13:58:38 IST" duration-ms="9312" status="PASS">
          <params>
            <param index="0">
              <value>
                <![CDATA[Vignesh]]>
              </value>
            </param>
            <param index="1">
              <value>
                <![CDATA[Karur]]>
              </value>
            </param>
            <param index="2">
              <value>
                <![CDATA[K A Nagae 4th Cross, Karur, tamilnadu]]>
              </value>
            </param>
            <param index="3">
              <value>
                <![CDATA[India]]>
              </value>
            </param>
            <param index="4">
              <value>
                <![CDATA[639002]]>
              </value>
            </param>
            <param index="5">
              <value>
                <![CDATA[Service Territory "Vignesh" was created.]]>
              </value>
            </param>
          </params>
          <reporter-output>
          </reporter-output>
        </test-method> <!-- createserviceTerritoriesTest -->
        <test-method is-config="true" signature="tearDown()[pri:0, instance:testCases.CreateserviceTerritoriesTest@543295b0]" started-at="2021-09-04T13:58:38 IST" name="tearDown" finished-at="2021-09-04T13:58:44 IST" duration-ms="6765" status="PASS">
          <reporter-output>
          </reporter-output>
        </test-method> <!-- tearDown -->
      </class> <!-- testCases.CreateserviceTerritoriesTest -->
    </test> <!-- Test -->
  </suite> <!-- Suite -->
</testng-results>
